<?xml version="1.0" encoding="UTF-8"?>
<!-- Generated by org.testng.reporters.JUnitReportReporter -->
<testsuite skipped="0" hostname="SACHIN-PC" name="Automation.MavenPrac.Signin" tests="1" failures="0" timestamp="23 Aug 2020 07:00:34 GMT" time="34.559" errors="0">
  <testcase name="SigninPage" time="34.559" classname="Automation.MavenPrac.Signin"/>
</testsuite> <!-- Automation.MavenPrac.Signin -->
