<?xml version="1.0" encoding="UTF-8"?>
<!-- Generated by org.testng.reporters.JUnitReportReporter -->
<testsuite skipped="0" hostname="SACHIN-PC" name="CucumberOptions.TestRunner" tests="1" failures="0" timestamp="08 Sep 2020 15:23:13 GMT" time="25.088" errors="0">
  <testcase name="feature" time="25.088" classname="CucumberOptions.TestRunner"/>
</testsuite> <!-- CucumberOptions.TestRunner -->
