<?xml version="1.0" encoding="UTF-8"?>
<!-- Generated by org.testng.reporters.JUnitReportReporter -->
<testsuite skipped="0" hostname="SACHIN-PC" name="Automation.MavenPrac.Testng1" tests="2" failures="0" timestamp="04 Jul 2020 10:53:28 GMT" time="37.067" errors="0">
  <testcase name="DoneThird" time="37.051" classname="Automation.MavenPrac.Testng1"/>
  <testcase name="DoneSecond" time="0.016" classname="Automation.MavenPrac.Testng1"/>
</testsuite> <!-- Automation.MavenPrac.Testng1 -->
