<?xml version="1.0" encoding="UTF-8"?>
<!-- Generated by org.testng.reporters.JUnitReportReporter -->
<testsuite skipped="0" hostname="SACHIN-PC" name="Automation.MavenPrac.NewHomePage" tests="1" failures="0" timestamp="23 Aug 2020 07:00:34 GMT" time="6.770" errors="0">
  <testcase name="NewHomePage" time="6.770" classname="Automation.MavenPrac.NewHomePage"/>
</testsuite> <!-- Automation.MavenPrac.NewHomePage -->
