<?xml version="1.0" encoding="UTF-8"?>
<!-- Generated by org.testng.reporters.JUnitReportReporter -->
<testsuite skipped="0" hostname="SACHIN-PC" name="Automation.MavenPrac.DataDriven" tests="1" failures="0" timestamp="19 Jun 2020 11:21:59 GMT" time="0.764" errors="0">
  <testcase name="DataDriver" time="0.764" classname="Automation.MavenPrac.DataDriven"/>
</testsuite> <!-- Automation.MavenPrac.DataDriven -->
