<?xml version="1.0" encoding="UTF-8"?>
<!-- Generated by org.testng.reporters.JUnitReportReporter -->
<testsuite skipped="0" hostname="SACHIN-PC" name="Automation.MavenPrac.CreateAccount" tests="1" failures="0" timestamp="23 Aug 2020 07:00:34 GMT" time="26.282" errors="0">
  <testcase name="CreateAccount" time="26.282" classname="Automation.MavenPrac.CreateAccount"/>
</testsuite> <!-- Automation.MavenPrac.CreateAccount -->
