<?xml version="1.0" encoding="UTF-8"?>
<!-- Generated by org.testng.reporters.JUnitReportReporter -->
<testsuite skipped="1" hostname="SACHIN-PC" name="Automation.MavenPrac.App" tests="1" failures="0" timestamp="06 Aug 2020 10:05:59 GMT" time="0.000" errors="0">
  <testcase name="Hello" time="0.000" classname="Automation.MavenPrac.App">
    <skipped/>
  </testcase> <!-- Hello -->
</testsuite> <!-- Automation.MavenPrac.App -->
