<?xml version="1.0" encoding="UTF-8"?>
<!-- Generated by org.testng.reporters.JUnitReportReporter -->
<testsuite skipped="0" hostname="SACHIN-PC" name="CucumberOptions.TestRunner" tests="1" failures="0" timestamp="08 Sep 2020 15:29:46 GMT" time="32.508" errors="0">
  <testcase name="feature" time="32.508" classname="CucumberOptions.TestRunner"/>
</testsuite> <!-- CucumberOptions.TestRunner -->
